99.09.11 12:38 B C:\MYDOCU~1\MYWEBS~1\MATHMAN\IMAGES\abepic.jpg <-- duracef.shout.net /home/users/mathman/public_html/images abepic.jpg
99.09.11 12:42 B C:\MYDOCU~1\MYWEBS~1\MATHMAN\IMAGES\5^3-3^3.jpg <-- duracef.shout.net /home/users/mathman/public_html/images 5^3-3^3.jpg
99.09.11 12:42 B C:\MYDOCU~1\MYWEBS~1\MATHMAN\IMAGES\ab15.gif <-- duracef.shout.net /home/users/mathman/public_html/images ab15.gif
99.09.11 12:42 B C:\MYDOCU~1\MYWEBS~1\MATHMAN\IMAGES\ab2.gif <-- duracef.shout.net /home/users/mathman/public_html/images ab2.gif
99.09.11 12:43 B C:\MYDOCU~1\MYWEBS~1\MATHMAN\IMAGES\abe1.jpg <-- duracef.shout.net /home/users/mathman/public_html/images abe1.jpg
99.09.11 12:43 B C:\MYDOCU~1\MYWEBS~1\MATHMAN\IMAGES\andy.jpg <-- duracef.shout.net /home/users/mathman/public_html/images andy.jpg
99.09.11 12:44 B C:\MYDOCU~1\MYWEBS~1\MATHMAN\IMAGES\christie.jpg <-- duracef.shout.net /home/users/mathman/public_html/images christie.jpg
99.09.11 12:45 B C:\MYDOCU~1\MYWEBS~1\MATHMAN\IMAGES\ellipse.jpg <-- duracef.shout.net /home/users/mathman/public_html/images ellipse.jpg
99.09.11 12:45 B C:\MYDOCU~1\MYWEBS~1\MATHMAN\IMAGES\eva.jpg <-- duracef.shout.net /home/users/mathman/public_html/images eva.jpg
99.09.11 12:45 B C:\MYDOCU~1\MYWEBS~1\MATHMAN\IMAGES\eva2.jpg <-- duracef.shout.net /home/users/mathman/public_html/images eva2.jpg
99.09.11 12:47 B C:\MYDOCU~1\MYWEBS~1\MATHMAN\IMAGES\inf15c.gif <-- duracef.shout.net /home/users/mathman/public_html/images inf15c.gif
99.09.11 12:47 B C:\MYDOCU~1\MYWEBS~1\MATHMAN\IMAGES\infser15.gif <-- duracef.shout.net /home/users/mathman/public_html/images infser15.gif
99.09.11 12:47 B C:\MYDOCU~1\MYWEBS~1\MATHMAN\IMAGES\inters~1.jpg <-- duracef.shout.net /home/users/mathman/public_html/images inters~1.jpg
99.09.11 12:47 B C:\MYDOCU~1\MYWEBS~1\MATHMAN\IMAGES\inters~2.jpg <-- duracef.shout.net /home/users/mathman/public_html/images inters~2.jpg
99.09.11 12:48 B C:\MYDOCU~1\MYWEBS~1\MATHMAN\IMAGES\katie.jpg <-- duracef.shout.net /home/users/mathman/public_html/images katie.jpg
99.09.11 12:48 B C:\MYDOCU~1\MYWEBS~1\MATHMAN\IMAGES\katie1.jpg <-- duracef.shout.net /home/users/mathman/public_html/images katie1.jpg
99.09.11 12:48 B C:\MYDOCU~1\MYWEBS~1\MATHMAN\IMAGES\katieb.jpg <-- duracef.shout.net /home/users/mathman/public_html/images katieb.jpg
99.09.11 12:49 B C:\MYDOCU~1\MYWEBS~1\MATHMAN\IMAGES\katiec.jpg <-- duracef.shout.net /home/users/mathman/public_html/images katiec.jpg
99.09.11 12:49 B C:\MYDOCU~1\MYWEBS~1\MATHMAN\IMAGES\katiec2.jpg <-- duracef.shout.net /home/users/mathman/public_html/images katiec2.jpg
99.09.11 12:49 B C:\MYDOCU~1\MYWEBS~1\MATHMAN\IMAGES\katiec3.jpg <-- duracef.shout.net /home/users/mathman/public_html/images katiec3.jpg
99.09.11 12:50 B C:\MYDOCU~1\MYWEBS~1\MATHMAN\IMAGES\lian.jpg <-- duracef.shout.net /home/users/mathman/public_html/images lian.jpg
99.09.11 12:51 B C:\MYDOCU~1\MYWEBS~1\MATHMAN\IMAGES\mageq.jpg <-- duracef.shout.net /home/users/mathman/public_html/images mageq.jpg
99.09.11 12:51 B C:\MYDOCU~1\MYWEBS~1\MATHMAN\IMAGES\magpic.jpg <-- duracef.shout.net /home/users/mathman/public_html/images magpic.jpg
99.09.11 12:51 B C:\MYDOCU~1\MYWEBS~1\MATHMAN\IMAGES\michael.jpg <-- duracef.shout.net /home/users/mathman/public_html/images michael.jpg
99.10.31 20:17 B C:\MYDOCU~1\MYWEBS~1\MATHMAN\IMAGES\jendogs.jpg <-- duracef.shout.net /home/users/mathman/public_html/images jendogs.jpg
99.10.31 20:18 B C:\MYDOCU~1\MYWEBS~1\MATHMAN\IMAGES\jendraw.jpg <-- duracef.shout.net /home/users/mathman/public_html/images jendraw.jpg
100.01.14 14:23 B C:\MYDOCU~1\MYWEBS~1\MATHMAN\IMAGES\tlc35yr1.jpg --> duracef.shout.net /home/users/mathman/public_html/images tlc35yr1.jpg
